<?xml version="1.0" encoding="UTF-8"?>
<!-- Generated by org.testng.reporters.JUnitXMLReporter -->
<testsuite hostname="DESKTOP-2VC9EF1" ignored="1" name="Test" tests="10" failures="6" timestamp="2022-12-15T19:16:23 IST" time="0.159" errors="0">
  <testcase name="StringConact" time="0.007" classname="testng.DataProviderGroups"/>
  <testcase name="StringConact" time="0.001" classname="testng.DataProviderGroups"/>
  <testcase name="stringConactUpper" time="0.001" classname="testng.DataProviderGroups"/>
  <testcase name="stringConactUpper" time="0.005" classname="testng.DataProviderGroups"/>
  <testcase name="testmethod1" time="0.006" classname="testng.DataProviderGroups">
    <failure type="java.lang.NumberFormatException" message="For input string: &amp;quot;abdul&amp;quot;">
      <![CDATA[java.lang.NumberFormatException: For input string: "abdul"
at java.lang.NumberFormatException.forInputString(Unknown Source)
at java.lang.Integer.parseInt(Unknown Source)
at java.lang.Integer.parseInt(Unknown Source)
at testng.DataProviderGroups.testmethod1(DataProviderGroups.java:43)
at java.util.ArrayList.forEach(Unknown Source)
... Removed 27 stack frames]]>
    </failure>
  </testcase> <!-- testmethod1 -->
  <testcase name="testmethod1" time="0.002" classname="testng.DataProviderGroups">
    <failure type="java.lang.NumberFormatException" message="For input string: &amp;quot;raja&amp;quot;">
      <![CDATA[java.lang.NumberFormatException: For input string: "raja"
at java.lang.NumberFormatException.forInputString(Unknown Source)
at java.lang.Integer.parseInt(Unknown Source)
at java.lang.Integer.parseInt(Unknown Source)
at testng.DataProviderGroups.testmethod1(DataProviderGroups.java:43)
at java.util.ArrayList.forEach(Unknown Source)
... Removed 27 stack frames]]>
    </failure>
  </testcase> <!-- testmethod1 -->
  <testcase name="testmethod2" time="0.001" classname="testng.DataProviderGroups">
    <failure type="java.lang.NumberFormatException" message="For input string: &amp;quot;abdul&amp;quot;">
      <![CDATA[java.lang.NumberFormatException: For input string: "abdul"
at java.lang.NumberFormatException.forInputString(Unknown Source)
at java.lang.Integer.parseInt(Unknown Source)
at java.lang.Integer.parseInt(Unknown Source)
at testng.DataProviderGroups.testmethod2(DataProviderGroups.java:51)
at java.util.ArrayList.forEach(Unknown Source)
... Removed 27 stack frames]]>
    </failure>
  </testcase> <!-- testmethod2 -->
  <testcase name="testmethod2" time="0.009" classname="testng.DataProviderGroups">
    <failure type="java.lang.NumberFormatException" message="For input string: &amp;quot;raja&amp;quot;">
      <![CDATA[java.lang.NumberFormatException: For input string: "raja"
at java.lang.NumberFormatException.forInputString(Unknown Source)
at java.lang.Integer.parseInt(Unknown Source)
at java.lang.Integer.parseInt(Unknown Source)
at testng.DataProviderGroups.testmethod2(DataProviderGroups.java:51)
at java.util.ArrayList.forEach(Unknown Source)
... Removed 27 stack frames]]>
    </failure>
  </testcase> <!-- testmethod2 -->
  <testcase name="testmethod" time="0.001" classname="testng.DataProviderGroups">
    <failure type="java.lang.NumberFormatException" message="For input string: &amp;quot;abdul&amp;quot;">
      <![CDATA[java.lang.NumberFormatException: For input string: "abdul"
at java.lang.NumberFormatException.forInputString(Unknown Source)
at java.lang.Integer.parseInt(Unknown Source)
at java.lang.Integer.parseInt(Unknown Source)
at testng.DataProviderGroups.testmethod(DataProviderGroups.java:35)
at java.util.ArrayList.forEach(Unknown Source)
... Removed 27 stack frames]]>
    </failure>
  </testcase> <!-- testmethod -->
  <testcase name="testmethod" time="0.005" classname="testng.DataProviderGroups">
    <failure type="java.lang.NumberFormatException" message="For input string: &amp;quot;raja&amp;quot;">
      <![CDATA[java.lang.NumberFormatException: For input string: "raja"
at java.lang.NumberFormatException.forInputString(Unknown Source)
at java.lang.Integer.parseInt(Unknown Source)
at java.lang.Integer.parseInt(Unknown Source)
at testng.DataProviderGroups.testmethod(DataProviderGroups.java:35)
at java.util.ArrayList.forEach(Unknown Source)
... Removed 27 stack frames]]>
    </failure>
  </testcase> <!-- testmethod -->
  <testcase name="stringConcatNumber" time="0.0" classname="testng.DataProviderGroups">
    <ignored/>
  </testcase> <!-- stringConcatNumber -->
</testsuite> <!-- Test -->
