<?xml version="1.0" encoding="UTF-8"?>
<!-- Generated by org.testng.reporters.JUnitXMLReporter -->
<testsuite hostname="DESKTOP-2VC9EF1" ignored="0" name="Default test" tests="3" failures="0" timestamp="2022-12-16T08:48:40 IST" time="1.023" errors="0">
  <testcase name="method" time="0.008" classname="practicetestng.DataProviderExcelSheet"/>
  <testcase name="method" time="0.001" classname="practicetestng.DataProviderExcelSheet"/>
  <testcase name="method" time="0.001" classname="practicetestng.DataProviderExcelSheet"/>
</testsuite> <!-- Default test -->
