<?xml version="1.0" encoding="UTF-8"?>
<testng-results skipped="0" failed="0" ignored="0" total="3" passed="3">
  <reporter-output>
  </reporter-output>
  <suite name="Default suite" duration-ms="1023" started-at="2022-12-16T08:48:39 IST" finished-at="2022-12-16T08:48:40 IST">
    <groups>
    </groups>
    <test name="Default test" duration-ms="1023" started-at="2022-12-16T08:48:39 IST" finished-at="2022-12-16T08:48:40 IST">
      <class name="practicetestng.DataProviderExcelSheet">
        <test-method status="PASS" signature="method(java.lang.String,java.lang.String,java.lang.String)[pri:0, instance:practicetestng.DataProviderExcelSheet@43bd930a]" name="method" duration-ms="8" started-at="2022-12-16T08:48:40 IST" data-provider="textfiledata" finished-at="2022-12-16T08:48:40 IST">
          <params>
            <param index="0">
              <value>
                <![CDATA[Avi]]>
              </value>
            </param>
            <param index="1">
              <value>
                <![CDATA[Kannaya]]>
              </value>
            </param>
            <param index="2">
              <value>
                <![CDATA[Ricky]]>
              </value>
            </param>
          </params>
          <reporter-output>
          </reporter-output>
        </test-method> <!-- method -->
        <test-method status="PASS" signature="method(java.lang.String,java.lang.String,java.lang.String)[pri:0, instance:practicetestng.DataProviderExcelSheet@43bd930a]" name="method" duration-ms="1" started-at="2022-12-16T08:48:40 IST" data-provider="textfiledata" finished-at="2022-12-16T08:48:40 IST">
          <params>
            <param index="0">
              <value>
                <![CDATA[Arun]]>
              </value>
            </param>
            <param index="1">
              <value>
                <![CDATA[Kumar]]>
              </value>
            </param>
            <param index="2">
              <value>
                <![CDATA[Reddy]]>
              </value>
            </param>
          </params>
          <reporter-output>
          </reporter-output>
        </test-method> <!-- method -->
        <test-method status="PASS" signature="method(java.lang.String,java.lang.String,java.lang.String)[pri:0, instance:practicetestng.DataProviderExcelSheet@43bd930a]" name="method" duration-ms="1" started-at="2022-12-16T08:48:40 IST" data-provider="textfiledata" finished-at="2022-12-16T08:48:40 IST">
          <params>
            <param index="0">
              <value>
                <![CDATA[Bubby]]>
              </value>
            </param>
            <param index="1">
              <value>
                <![CDATA[Archana]]>
              </value>
            </param>
            <param index="2">
              <value>
                <![CDATA[Sudineni]]>
              </value>
            </param>
          </params>
          <reporter-output>
          </reporter-output>
        </test-method> <!-- method -->
      </class> <!-- practicetestng.DataProviderExcelSheet -->
    </test> <!-- Default test -->
  </suite> <!-- Default suite -->
</testng-results>
